DEBUG:passlib.utils.compat:loaded lazy attr 'SafeConfigParser': <class 'configparser.ConfigParser'>
DEBUG:passlib.utils.compat:loaded lazy attr 'NativeStringIO': <class '_io.StringIO'>
DEBUG:passlib.utils.compat:loaded lazy attr 'BytesIO': <class '_io.BytesIO'>
DEBUG:passlib.registry:registered 'bcrypt' handler: <class 'passlib.handlers.bcrypt.bcrypt'>
DEBUG:passlib.registry:registered 'des_crypt' handler: <class 'passlib.handlers.des_crypt.des_crypt'>
DEBUG:passlib.registry:registered 'pbkdf2_sha256' handler: <class 'passlib.handlers.pbkdf2.pbkdf2_sha256'>
DEBUG:passlib.registry:registered 'pbkdf2_sha512' handler: <class 'passlib.handlers.pbkdf2.pbkdf2_sha512'>
DEBUG:passlib.registry:registered 'sha256_crypt' handler: <class 'passlib.handlers.sha2_crypt.sha256_crypt'>
DEBUG:passlib.registry:registered 'sha512_crypt' handler: <class 'passlib.handlers.sha2_crypt.sha512_crypt'>
DEBUG:passlib.registry:registered 'plaintext' handler: <class 'passlib.handlers.misc.plaintext'>
DEBUG:passlib.utils.compat:loaded lazy attr 'SafeConfigParser': <class 'configparser.ConfigParser'>
DEBUG:passlib.utils.compat:loaded lazy attr 'NativeStringIO': <class '_io.StringIO'>
DEBUG:passlib.utils.compat:loaded lazy attr 'BytesIO': <class '_io.BytesIO'>
DEBUG:passlib.registry:registered 'bcrypt' handler: <class 'passlib.handlers.bcrypt.bcrypt'>
DEBUG:passlib.registry:registered 'des_crypt' handler: <class 'passlib.handlers.des_crypt.des_crypt'>
DEBUG:passlib.registry:registered 'pbkdf2_sha256' handler: <class 'passlib.handlers.pbkdf2.pbkdf2_sha256'>
DEBUG:passlib.registry:registered 'pbkdf2_sha512' handler: <class 'passlib.handlers.pbkdf2.pbkdf2_sha512'>
DEBUG:passlib.registry:registered 'sha256_crypt' handler: <class 'passlib.handlers.sha2_crypt.sha256_crypt'>
DEBUG:passlib.registry:registered 'sha512_crypt' handler: <class 'passlib.handlers.sha2_crypt.sha512_crypt'>
DEBUG:passlib.registry:registered 'plaintext' handler: <class 'passlib.handlers.misc.plaintext'>
INFO:root:table_object
INFO:root:id
INFO:root:name
INFO:root:date_created
INFO:root:last_modified
INFO:root:description
INFO:root:active
INFO:root:organization_id
INFO:root:order
INFO:root:module_id
INFO:root:new_name_prefix
INFO:root:new_name_id
INFO:root:id_length
INFO:root:field
INFO:root:table_object_role
INFO:root:table_object_children
